<?xml version="1.0" encoding="UTF-8"?>
<!-- Generated by org.testng.reporters.JUnitXMLReporter -->
<testsuite hostname="LAPTOP-IRMRPJ1B" ignored="0" name="SearchTest" tests="10" failures="1" timestamp="2023-05-26T07:04:48 EDT" time="26.5" errors="0">
  <testcase name="countProductImageTest" time="1.929" classname="com.qa.opencart.tests.SearchTest"/>
  <testcase name="countProductImageTest" time="10.195" classname="com.qa.opencart.tests.SearchTest">
    <failure type="org.openqa.selenium.TimeoutException" message="Expected condition failed: waiting for element to be clickable: By.linkText: iMac (tried for 10 second(s) with 500 milliseconds interval)
Build info: version: &amp;apos;4.8.2&amp;apos;, revision: &amp;apos;826dbfc730&amp;apos;
System info: os.name: &amp;apos;Windows 10&amp;apos;, os.arch: &amp;apos;amd64&amp;apos;, os.version: &amp;apos;10.0&amp;apos;, java.version: &amp;apos;1.8.0_101&amp;apos;
Driver info: org.openqa.selenium.chrome.ChromeDriver
Capabilities {acceptInsecureCerts: false, browserName: chrome, browserVersion: 113.0.5672.127, chrome: {chromedriverVersion: 113.0.5672.63 (0e1a4471d5ae..., userDataDir: C:\Program Files (x86)\scop...}, goog:chromeOptions: {debuggerAddress: localhost:25147}, networkConnectionEnabled: false, pageLoadStrategy: normal, platformName: WINDOWS, proxy: Proxy(), se:cdp: ws://localhost:25147/devtoo..., se:cdpVersion: 113.0.5672.127, setWindowRect: true, strictFileInteractability: false, timeouts: {implicit: 0, pageLoad: 300000, script: 30000}, unhandledPromptBehavior: dismiss and notify, webauthn:extension:credBlob: true, webauthn:extension:largeBlob: true, webauthn:extension:minPinLength: true, webauthn:extension:prf: true, webauthn:virtualAuthenticators: true}
Session ID: 936f1c0f033d4bef4f3ebf5a85760746">
      <![CDATA[org.openqa.selenium.TimeoutException: Expected condition failed: waiting for element to be clickable: By.linkText: iMac (tried for 10 second(s) with 500 milliseconds interval)
Build info: version: '4.8.2', revision: '826dbfc730'
System info: os.name: 'Windows 10', os.arch: 'amd64', os.version: '10.0', java.version: '1.8.0_101'
Driver info: org.openqa.selenium.chrome.ChromeDriver
Capabilities {acceptInsecureCerts: false, browserName: chrome, browserVersion: 113.0.5672.127, chrome: {chromedriverVersion: 113.0.5672.63 (0e1a4471d5ae..., userDataDir: C:\Program Files (x86)\scop...}, goog:chromeOptions: {debuggerAddress: localhost:25147}, networkConnectionEnabled: false, pageLoadStrategy: normal, platformName: WINDOWS, proxy: Proxy(), se:cdp: ws://localhost:25147/devtoo..., se:cdpVersion: 113.0.5672.127, setWindowRect: true, strictFileInteractability: false, timeouts: {implicit: 0, pageLoad: 300000, script: 30000}, unhandledPromptBehavior: dismiss and notify, webauthn:extension:credBlob: true, webauthn:extension:largeBlob: true, webauthn:extension:minPinLength: true, webauthn:extension:prf: true, webauthn:virtualAuthenticators: true}
Session ID: 936f1c0f033d4bef4f3ebf5a85760746
at org.openqa.selenium.support.ui.WebDriverWait.timeoutException(WebDriverWait.java:87)
at org.openqa.selenium.support.ui.FluentWait.until(FluentWait.java:231)
at com.qa.opencart.utils.ElementUtil.checkElementClickable(ElementUtil.java:484)
at com.qa.opencart.utils.ElementUtil.doClick(ElementUtil.java:53)
at com.qa.opercart.pages.SearchResultPage.selectProduct(SearchResultPage.java:33)
at com.qa.opencart.tests.SearchTest.countProductImageTest(SearchTest.java:50)
at java.util.ArrayList.forEach(ArrayList.java:1249)
at java.util.concurrent.FutureTask.run(FutureTask.java:266)
at java.util.concurrent.ThreadPoolExecutor.runWorker(ThreadPoolExecutor.java:1142)
at java.util.concurrent.ThreadPoolExecutor$Worker.run(ThreadPoolExecutor.java:617)
at java.lang.Thread.run(Thread.java:745)
... Removed 18 stack frames]]>
    </failure>
  </testcase> <!-- countProductImageTest -->
  <testcase name="countProductImageTest" time="2.038" classname="com.qa.opencart.tests.SearchTest"/>
  <testcase name="countProductImageTest" time="1.034" classname="com.qa.opencart.tests.SearchTest"/>
  <testcase name="searchPageTitleTest" time="0.719" classname="com.qa.opencart.tests.SearchTest"/>
  <testcase name="searchPageTitleTest" time="0.843" classname="com.qa.opencart.tests.SearchTest"/>
  <testcase name="searchPageTitleTest" time="0.716" classname="com.qa.opencart.tests.SearchTest"/>
  <testcase name="searchProductTest" time="0.604" classname="com.qa.opencart.tests.SearchTest"/>
  <testcase name="searchProductTest" time="0.566" classname="com.qa.opencart.tests.SearchTest"/>
  <testcase name="searchProductTest" time="0.644" classname="com.qa.opencart.tests.SearchTest"/>
</testsuite> <!-- SearchTest -->
