<html>
<head>
<title>TestNG:  SearchTest</title>
<link href="../testng.css" rel="stylesheet" type="text/css" />
<link href="../my-testng.css" rel="stylesheet" type="text/css" />

<style type="text/css">
.log { display: none;} 
.stack-trace { display: none;} 
</style>
<script type="text/javascript">
<!--
function flip(e) {
  current = e.style.display;
  if (current == 'block') {
    e.style.display = 'none';
    return 0;
  }
  else {
    e.style.display = 'block';
    return 1;
  }
}

function toggleBox(szDivId, elem, msg1, msg2)
{
  var res = -1;  if (document.getElementById) {
    res = flip(document.getElementById(szDivId));
  }
  else if (document.all) {
    // this is the way old msie versions work
    res = flip(document.all[szDivId]);
  }
  if(elem) {
    if(res == 0) elem.innerHTML = msg1; else elem.innerHTML = msg2;
  }

}

function toggleAllBoxes() {
  if (document.getElementsByTagName) {
    d = document.getElementsByTagName('div');
    for (i = 0; i < d.length; i++) {
      if (d[i].className == 'log') {
        flip(d[i]);
      }
    }
  }
}

// -->
</script>

</head>
<body>
<h2 align='center'>SearchTest</h2><table border='1' align="center">
<tr>
<td>Tests passed/Failed/Skipped:</td><td>9/1/0</td>
</tr><tr>
<td>Started on:</td><td>Fri May 26 07:04:22 EDT 2023</td>
</tr>
<tr><td>Total time:</td><td>26 seconds (26500 ms)</td>
</tr><tr>
<td>Included groups:</td><td></td>
</tr><tr>
<td>Excluded groups:</td><td></td>
</tr>
</table><p/>
<small><i>(Hover the method name to see the test class name)</i></small><p/>
<table width='100%' border='1' class='invocation-failed'>
<tr><td colspan='4' align='center'><b>FAILED TESTS</b></td></tr>
<tr><td><b>Test method</b></td>
<td width="30%"><b>Exception</b></td>
<td width="10%"><b>Time (seconds)</b></td>
<td><b>Instance</b></td>
</tr>
<tr>
<td title='com.qa.opencart.tests.SearchTest.countProductImageTest()'><b>countProductImageTest</b><br>Test class: com.qa.opencart.tests.SearchTest<br>Parameters: imac, iMac, 3</td>
<td><div><pre>org.openqa.selenium.TimeoutException: Expected condition failed: waiting for element to be clickable: By.linkText: iMac (tried for 10 second(s) with 500 milliseconds interval)
Build info: version: &apos;4.8.2&apos;, revision: &apos;826dbfc730&apos;
System info: os.name: &apos;Windows 10&apos;, os.arch: &apos;amd64&apos;, os.version: &apos;10.0&apos;, java.version: &apos;1.8.0_101&apos;
Driver info: org.openqa.selenium.chrome.ChromeDriver
Capabilities {acceptInsecureCerts: false, browserName: chrome, browserVersion: 113.0.5672.127, chrome: {chromedriverVersion: 113.0.5672.63 (0e1a4471d5ae..., userDataDir: C:\Program Files (x86)\scop...}, goog:chromeOptions: {debuggerAddress: localhost:25147}, networkConnectionEnabled: false, pageLoadStrategy: normal, platformName: WINDOWS, proxy: Proxy(), se:cdp: ws://localhost:25147/devtoo..., se:cdpVersion: 113.0.5672.127, setWindowRect: true, strictFileInteractability: false, timeouts: {implicit: 0, pageLoad: 300000, script: 30000}, unhandledPromptBehavior: dismiss and notify, webauthn:extension:credBlob: true, webauthn:extension:largeBlob: true, webauthn:extension:minPinLength: true, webauthn:extension:prf: true, webauthn:virtualAuthenticators: true}
Session ID: 936f1c0f033d4bef4f3ebf5a85760746
	at org.openqa.selenium.support.ui.WebDriverWait.timeoutException(WebDriverWait.java:87)
	at org.openqa.selenium.support.ui.FluentWait.until(FluentWait.java:231)
	at com.qa.opencart.utils.ElementUtil.checkElementClickable(ElementUtil.java:484)
	at com.qa.opencart.utils.ElementUtil.doClick(ElementUtil.java:53)
	at com.qa.opercart.pages.SearchResultPage.selectProduct(SearchResultPage.java:33)
	at com.qa.opencart.tests.SearchTest.countProductImageTest(SearchTest.java:50)
	at java.util.ArrayList.forEach(ArrayList.java:1249)
	at java.util.concurrent.FutureTask.run(FutureTask.java:266)
	at java.util.concurrent.ThreadPoolExecutor.runWorker(ThreadPoolExecutor.java:1142)
	at java.util.concurrent.ThreadPoolExecutor$Worker.run(ThreadPoolExecutor.java:617)
	at java.lang.Thread.run(Thread.java:745)
... Removed 18 stack frames</pre></div><a href='#' onClick='toggleBox("stack-trace2047242041", this, "Click to show all stack frames", "Click to hide stack frames")'>Click to show all stack frames</a>
<div class='stack-trace' id='stack-trace2047242041'><pre>org.openqa.selenium.TimeoutException: Expected condition failed: waiting for element to be clickable: By.linkText: iMac (tried for 10 second(s) with 500 milliseconds interval)
Build info: version: &apos;4.8.2&apos;, revision: &apos;826dbfc730&apos;
System info: os.name: &apos;Windows 10&apos;, os.arch: &apos;amd64&apos;, os.version: &apos;10.0&apos;, java.version: &apos;1.8.0_101&apos;
Driver info: org.openqa.selenium.chrome.ChromeDriver
Capabilities {acceptInsecureCerts: false, browserName: chrome, browserVersion: 113.0.5672.127, chrome: {chromedriverVersion: 113.0.5672.63 (0e1a4471d5ae..., userDataDir: C:\Program Files (x86)\scop...}, goog:chromeOptions: {debuggerAddress: localhost:25147}, networkConnectionEnabled: false, pageLoadStrategy: normal, platformName: WINDOWS, proxy: Proxy(), se:cdp: ws://localhost:25147/devtoo..., se:cdpVersion: 113.0.5672.127, setWindowRect: true, strictFileInteractability: false, timeouts: {implicit: 0, pageLoad: 300000, script: 30000}, unhandledPromptBehavior: dismiss and notify, webauthn:extension:credBlob: true, webauthn:extension:largeBlob: true, webauthn:extension:minPinLength: true, webauthn:extension:prf: true, webauthn:virtualAuthenticators: true}
Session ID: 936f1c0f033d4bef4f3ebf5a85760746
	at org.openqa.selenium.support.ui.WebDriverWait.timeoutException(WebDriverWait.java:87)
	at org.openqa.selenium.support.ui.FluentWait.until(FluentWait.java:231)
	at com.qa.opencart.utils.ElementUtil.checkElementClickable(ElementUtil.java:484)
	at com.qa.opencart.utils.ElementUtil.doClick(ElementUtil.java:53)
	at com.qa.opercart.pages.SearchResultPage.selectProduct(SearchResultPage.java:33)
	at com.qa.opencart.tests.SearchTest.countProductImageTest(SearchTest.java:50)
	at sun.reflect.NativeMethodAccessorImpl.invoke0(Native Method)
	at sun.reflect.NativeMethodAccessorImpl.invoke(NativeMethodAccessorImpl.java:62)
	at sun.reflect.DelegatingMethodAccessorImpl.invoke(DelegatingMethodAccessorImpl.java:43)
	at java.lang.reflect.Method.invoke(Method.java:498)
	at org.testng.internal.MethodInvocationHelper.invokeMethod(MethodInvocationHelper.java:133)
	at org.testng.internal.TestInvoker.invokeMethod(TestInvoker.java:584)
	at org.testng.internal.TestInvoker.invokeTestMethod(TestInvoker.java:172)
	at org.testng.internal.MethodRunner.runInSequence(MethodRunner.java:46)
	at org.testng.internal.TestInvoker$MethodInvocationAgent.invoke(TestInvoker.java:804)
	at org.testng.internal.TestInvoker.invokeTestMethods(TestInvoker.java:145)
	at org.testng.internal.TestMethodWorker.invokeTestMethods(TestMethodWorker.java:146)
	at org.testng.internal.TestMethodWorker.run(TestMethodWorker.java:128)
	at java.util.ArrayList.forEach(ArrayList.java:1249)
	at org.testng.TestRunner.privateRun(TestRunner.java:770)
	at org.testng.TestRunner.run(TestRunner.java:591)
	at org.testng.SuiteRunner.runTest(SuiteRunner.java:402)
	at org.testng.SuiteRunner.access$000(SuiteRunner.java:41)
	at org.testng.SuiteRunner$SuiteWorker.run(SuiteRunner.java:443)
	at org.testng.internal.thread.ThreadUtil.lambda$execute$0(ThreadUtil.java:67)
	at java.util.concurrent.FutureTask.run(FutureTask.java:266)
	at java.util.concurrent.ThreadPoolExecutor.runWorker(ThreadPoolExecutor.java:1142)
	at java.util.concurrent.ThreadPoolExecutor$Worker.run(ThreadPoolExecutor.java:617)
	at java.lang.Thread.run(Thread.java:745)
</pre></div></td>
<td>10</td>
<td>com.qa.opencart.tests.SearchTest@49993335</td></tr>
</table><p>
<table width='100%' border='1' class='invocation-passed'>
<tr><td colspan='4' align='center'><b>PASSED TESTS</b></td></tr>
<tr><td><b>Test method</b></td>
<td width="30%"><b>Exception</b></td>
<td width="10%"><b>Time (seconds)</b></td>
<td><b>Instance</b></td>
</tr>
<tr>
<td title='com.qa.opencart.tests.SearchTest.countProductImageTest()'><b>countProductImageTest</b><br>Test class: com.qa.opencart.tests.SearchTest<br>Parameters: Macbook, MacBook Pro, 4</td>
<td></td>
<td>1</td>
<td>com.qa.opencart.tests.SearchTest@49993335</td></tr>
<tr>
<td title='com.qa.opencart.tests.SearchTest.countProductImageTest()'><b>countProductImageTest</b><br>Test class: com.qa.opencart.tests.SearchTest<br>Parameters: samsung, Samsung Galaxy Tab 10.1, 7</td>
<td></td>
<td>2</td>
<td>com.qa.opencart.tests.SearchTest@49993335</td></tr>
<tr>
<td title='com.qa.opencart.tests.SearchTest.countProductImageTest()'><b>countProductImageTest</b><br>Test class: com.qa.opencart.tests.SearchTest<br>Parameters: samsung, Samsung SyncMaster 941BW, 1</td>
<td></td>
<td>1</td>
<td>com.qa.opencart.tests.SearchTest@49993335</td></tr>
<tr>
<td title='com.qa.opencart.tests.SearchTest.searchPageTitleTest()'><b>searchPageTitleTest</b><br>Test class: com.qa.opencart.tests.SearchTest<br>Parameters: Macbook</td>
<td></td>
<td>0</td>
<td>com.qa.opencart.tests.SearchTest@49993335</td></tr>
<tr>
<td title='com.qa.opencart.tests.SearchTest.searchPageTitleTest()'><b>searchPageTitleTest</b><br>Test class: com.qa.opencart.tests.SearchTest<br>Parameters: iMac</td>
<td></td>
<td>0</td>
<td>com.qa.opencart.tests.SearchTest@49993335</td></tr>
<tr>
<td title='com.qa.opencart.tests.SearchTest.searchPageTitleTest()'><b>searchPageTitleTest</b><br>Test class: com.qa.opencart.tests.SearchTest<br>Parameters: samsung</td>
<td></td>
<td>0</td>
<td>com.qa.opencart.tests.SearchTest@49993335</td></tr>
<tr>
<td title='com.qa.opencart.tests.SearchTest.searchProductTest()'><b>searchProductTest</b><br>Test class: com.qa.opencart.tests.SearchTest<br>Parameters: Macbook</td>
<td></td>
<td>0</td>
<td>com.qa.opencart.tests.SearchTest@49993335</td></tr>
<tr>
<td title='com.qa.opencart.tests.SearchTest.searchProductTest()'><b>searchProductTest</b><br>Test class: com.qa.opencart.tests.SearchTest<br>Parameters: iMac</td>
<td></td>
<td>0</td>
<td>com.qa.opencart.tests.SearchTest@49993335</td></tr>
<tr>
<td title='com.qa.opencart.tests.SearchTest.searchProductTest()'><b>searchProductTest</b><br>Test class: com.qa.opencart.tests.SearchTest<br>Parameters: samsung</td>
<td></td>
<td>0</td>
<td>com.qa.opencart.tests.SearchTest@49993335</td></tr>
</table><p>
</body>
</html>